0 info it worked if it ends with ok
1 verbose cli [ '/home/james/.nvm/versions/node/v6.10.3/bin/node',
1 verbose cli   '/home/james/.nvm/versions/node/v6.10.3/bin/npm',
1 verbose cli   'run-script',
1 verbose cli   'run',
1 verbose cli   'dist/flatmap' ]
2 info using npm@3.10.10
3 info using node@v6.10.3
4 verbose run-script [ 'prerun', 'run', 'postrun' ]
5 info lifecycle observable-testing@1.0.0~prerun: observable-testing@1.0.0
6 silly lifecycle observable-testing@1.0.0~prerun: no script for prerun, continuing
7 info lifecycle observable-testing@1.0.0~run: observable-testing@1.0.0
8 verbose lifecycle observable-testing@1.0.0~run: unsafe-perm in lifecycle true
9 verbose lifecycle observable-testing@1.0.0~run: PATH: /home/james/.nvm/versions/node/v6.10.3/lib/node_modules/npm/bin/node-gyp-bin:/home/james/dev/observable-testing/node_modules/.bin:/home/james/.nvm/versions/node/v6.10.3/bin:/usr/local/sbin:/usr/local/bin:/usr/sbin:/usr/bin:/sbin:/bin:/usr/games:/usr/local/games:/snap/bin
10 verbose lifecycle observable-testing@1.0.0~run: CWD: /home/james/dev/observable-testing
11 silly lifecycle observable-testing@1.0.0~run: Args: [ '-c', 'webpack && node "dist/flatmap"' ]
12 silly lifecycle observable-testing@1.0.0~run: Returned: code: 1  signal: null
13 info lifecycle observable-testing@1.0.0~run: Failed to exec run script
14 verbose stack Error: observable-testing@1.0.0 run: `webpack && node "dist/flatmap"`
14 verbose stack Exit status 1
14 verbose stack     at EventEmitter.<anonymous> (/home/james/.nvm/versions/node/v6.10.3/lib/node_modules/npm/lib/utils/lifecycle.js:255:16)
14 verbose stack     at emitTwo (events.js:106:13)
14 verbose stack     at EventEmitter.emit (events.js:191:7)
14 verbose stack     at ChildProcess.<anonymous> (/home/james/.nvm/versions/node/v6.10.3/lib/node_modules/npm/lib/utils/spawn.js:40:14)
14 verbose stack     at emitTwo (events.js:106:13)
14 verbose stack     at ChildProcess.emit (events.js:191:7)
14 verbose stack     at maybeClose (internal/child_process.js:886:16)
14 verbose stack     at Process.ChildProcess._handle.onexit (internal/child_process.js:226:5)
15 verbose pkgid observable-testing@1.0.0
16 verbose cwd /home/james/dev/observable-testing/dist
17 error Linux 4.13.0-21-generic
18 error argv "/home/james/.nvm/versions/node/v6.10.3/bin/node" "/home/james/.nvm/versions/node/v6.10.3/bin/npm" "run-script" "run" "dist/flatmap"
19 error node v6.10.3
20 error npm  v3.10.10
21 error code ELIFECYCLE
22 error observable-testing@1.0.0 run: `webpack && node "dist/flatmap"`
22 error Exit status 1
23 error Failed at the observable-testing@1.0.0 run script 'webpack && node "dist/flatmap"'.
23 error Make sure you have the latest version of node.js and npm installed.
23 error If you do, this is most likely a problem with the observable-testing package,
23 error not with npm itself.
23 error Tell the author that this fails on your system:
23 error     webpack && node "dist/flatmap"
23 error You can get information on how to open an issue for this project with:
23 error     npm bugs observable-testing
23 error Or if that isn't available, you can get their info via:
23 error     npm owner ls observable-testing
23 error There is likely additional logging output above.
24 verbose exit [ 1, true ]
